{"/Users/racgoo/Documents/rmlx/reactive-kit/src/react/hooks/useReactiveRef.tsx": {"path":"/Users/racgoo/Documents/rmlx/reactive-kit/src/react/hooks/useReactiveRef.tsx","statementMap":{"0":{"start":{"line":51,"column":9},"end":{"line":51,"column":23}},"1":{"start":{"line":51,"column":25},"end":{"line":51,"column":42}},"2":{"start":{"line":1,"column":0},"end":{"line":1,"column":55}},"3":{"start":{"line":2,"column":0},"end":{"line":2,"column":50}},"4":{"start":{"line":3,"column":0},"end":{"line":3,"column":66}},"5":{"start":{"line":12,"column":23},"end":{"line":14,"column":null}},"6":{"start":{"line":13,"column":11},"end":{"line":13,"column":36}},"7":{"start":{"line":16,"column":24},"end":{"line":16,"column":65}},"8":{"start":{"line":16,"column":38},"end":{"line":16,"column":60}},"9":{"start":{"line":17,"column":2},"end":{"line":17,"column":41}},"10":{"start":{"line":24,"column":22},"end":{"line":26,"column":null}},"11":{"start":{"line":25,"column":10},"end":{"line":25,"column":31}},"12":{"start":{"line":29,"column":39},"end":{"line":29,"column":66}},"13":{"start":{"line":31,"column":2},"end":{"line":42,"column":20}},"14":{"start":{"line":32,"column":17},"end":{"line":39,"column":null}},"15":{"start":{"line":33,"column":12},"end":{"line":33,"column":33}},"16":{"start":{"line":35,"column":8},"end":{"line":35,"column":40}},"17":{"start":{"line":41,"column":4},"end":{"line":41,"column":24}},"18":{"start":{"line":41,"column":17},"end":{"line":41,"column":23}},"19":{"start":{"line":44,"column":2},"end":{"line":46,"column":3}},"20":{"start":{"line":45,"column":4},"end":{"line":45,"column":62}},"21":{"start":{"line":48,"column":2},"end":{"line":48,"column":24}}},"fnMap":{"0":{"name":"useReactiveRef","decl":{"start":{"line":11,"column":9},"end":{"line":11,"column":23}},"loc":{"start":{"line":11,"column":42},"end":{"line":18,"column":1}}},"1":{"name":"(anonymous_1)","decl":{"start":{"line":13,"column":4},"end":{"line":13,"column":7}},"loc":{"start":{"line":13,"column":11},"end":{"line":13,"column":36}}},"2":{"name":"(anonymous_2)","decl":{"start":{"line":16,"column":32},"end":{"line":16,"column":35}},"loc":{"start":{"line":16,"column":38},"end":{"line":16,"column":60}}},"3":{"name":"useReactiveSubRef","decl":{"start":{"line":20,"column":9},"end":{"line":20,"column":26}},"loc":{"start":{"line":22,"column":34},"end":{"line":49,"column":1}}},"4":{"name":"(anonymous_4)","decl":{"start":{"line":25,"column":4},"end":{"line":25,"column":7}},"loc":{"start":{"line":25,"column":10},"end":{"line":25,"column":31}}},"5":{"name":"(anonymous_5)","decl":{"start":{"line":31,"column":12},"end":{"line":31,"column":15}},"loc":{"start":{"line":31,"column":17},"end":{"line":42,"column":3}}},"6":{"name":"(anonymous_6)","decl":{"start":{"line":33,"column":6},"end":{"line":33,"column":9}},"loc":{"start":{"line":33,"column":12},"end":{"line":33,"column":33}}},"7":{"name":"(anonymous_7)","decl":{"start":{"line":34,"column":6},"end":{"line":34,"column":7}},"loc":{"start":{"line":34,"column":17},"end":{"line":36,"column":7}}},"8":{"name":"(anonymous_8)","decl":{"start":{"line":41,"column":11},"end":{"line":41,"column":14}},"loc":{"start":{"line":41,"column":17},"end":{"line":41,"column":23}}}},"branchMap":{"0":{"loc":{"start":{"line":44,"column":2},"end":{"line":46,"column":3}},"type":"if","locations":[{"start":{"line":44,"column":2},"end":{"line":46,"column":3}},{"start":{},"end":{}}]}},"s":{"0":2,"1":2,"2":2,"3":2,"4":2,"5":70,"6":70,"7":70,"8":70,"9":70,"10":23,"11":23,"12":23,"13":23,"14":23,"15":47,"16":24,"17":23,"18":23,"19":23,"20":1,"21":23},"f":{"0":70,"1":70,"2":70,"3":23,"4":23,"5":23,"6":47,"7":24,"8":23},"b":{"0":[1,22]}}
,"/Users/racgoo/Documents/rmlx/reactive-kit/src/react/hooks/useReactiveState.tsx": {"path":"/Users/racgoo/Documents/rmlx/reactive-kit/src/react/hooks/useReactiveState.tsx","statementMap":{"0":{"start":{"line":25,"column":9},"end":{"line":25,"column":25}},"1":{"start":{"line":1,"column":0},"end":{"line":1,"column":40}},"2":{"start":{"line":2,"column":0},"end":{"line":2,"column":44}},"3":{"start":{"line":4,"column":0},"end":{"line":4,"column":55}},"4":{"start":{"line":7,"column":28},"end":{"line":7,"column":76}},"5":{"start":{"line":7,"column":43},"end":{"line":7,"column":75}},"6":{"start":{"line":9,"column":2},"end":{"line":20,"column":20}},"7":{"start":{"line":10,"column":17},"end":{"line":17,"column":null}},"8":{"start":{"line":11,"column":12},"end":{"line":11,"column":23}},"9":{"start":{"line":13,"column":8},"end":{"line":13,"column":46}},"10":{"start":{"line":19,"column":4},"end":{"line":19,"column":24}},"11":{"start":{"line":19,"column":17},"end":{"line":19,"column":23}},"12":{"start":{"line":22,"column":2},"end":{"line":22,"column":15}}},"fnMap":{"0":{"name":"useReactiveState","decl":{"start":{"line":6,"column":9},"end":{"line":6,"column":25}},"loc":{"start":{"line":6,"column":56},"end":{"line":23,"column":1}}},"1":{"name":"(anonymous_1)","decl":{"start":{"line":7,"column":37},"end":{"line":7,"column":40}},"loc":{"start":{"line":7,"column":43},"end":{"line":7,"column":75}}},"2":{"name":"(anonymous_2)","decl":{"start":{"line":9,"column":12},"end":{"line":9,"column":15}},"loc":{"start":{"line":9,"column":17},"end":{"line":20,"column":3}}},"3":{"name":"(anonymous_3)","decl":{"start":{"line":11,"column":6},"end":{"line":11,"column":9}},"loc":{"start":{"line":11,"column":12},"end":{"line":11,"column":23}}},"4":{"name":"(anonymous_4)","decl":{"start":{"line":12,"column":6},"end":{"line":12,"column":7}},"loc":{"start":{"line":12,"column":17},"end":{"line":14,"column":7}}},"5":{"name":"(anonymous_5)","decl":{"start":{"line":19,"column":11},"end":{"line":19,"column":14}},"loc":{"start":{"line":19,"column":17},"end":{"line":19,"column":23}}}},"branchMap":{},"s":{"0":1,"1":1,"2":1,"3":1,"4":38,"5":20,"6":38,"7":20,"8":41,"9":21,"10":20,"11":20,"12":38},"f":{"0":38,"1":20,"2":20,"3":41,"4":21,"5":20},"b":{}}
,"/Users/racgoo/Documents/rmlx/reactive-kit/src/react/utils/isPrimitive.ts": {"path":"/Users/racgoo/Documents/rmlx/reactive-kit/src/react/utils/isPrimitive.ts","statementMap":{"0":{"start":{"line":5,"column":9},"end":{"line":5,"column":20}},"1":{"start":{"line":2,"column":2},"end":{"line":2,"column":35}}},"fnMap":{"0":{"name":"isPrimitive","decl":{"start":{"line":1,"column":9},"end":{"line":1,"column":20}},"loc":{"start":{"line":1,"column":35},"end":{"line":3,"column":1}}}},"branchMap":{},"s":{"0":3,"1":44},"f":{"0":44},"b":{}}
,"/Users/racgoo/Documents/rmlx/reactive-kit/src/react/utils/shallowCopy.ts": {"path":"/Users/racgoo/Documents/rmlx/reactive-kit/src/react/utils/shallowCopy.ts","statementMap":{"0":{"start":{"line":1,"column":0},"end":{"line":1,"column":16}},"1":{"start":{"line":2,"column":2},"end":{"line":4,"column":3}},"2":{"start":{"line":3,"column":4},"end":{"line":3,"column":31}},"3":{"start":{"line":5,"column":2},"end":{"line":7,"column":3}},"4":{"start":{"line":6,"column":4},"end":{"line":6,"column":31}},"5":{"start":{"line":8,"column":2},"end":{"line":10,"column":3}},"6":{"start":{"line":9,"column":4},"end":{"line":9,"column":32}},"7":{"start":{"line":11,"column":2},"end":{"line":13,"column":3}},"8":{"start":{"line":12,"column":4},"end":{"line":12,"column":27}},"9":{"start":{"line":14,"column":2},"end":{"line":16,"column":3}},"10":{"start":{"line":15,"column":4},"end":{"line":15,"column":29}},"11":{"start":{"line":17,"column":2},"end":{"line":17,"column":15}}},"fnMap":{"0":{"name":"shallowCopy","decl":{"start":{"line":1,"column":16},"end":{"line":1,"column":27}},"loc":{"start":{"line":1,"column":39},"end":{"line":18,"column":1}}}},"branchMap":{"0":{"loc":{"start":{"line":2,"column":2},"end":{"line":4,"column":3}},"type":"if","locations":[{"start":{"line":2,"column":2},"end":{"line":4,"column":3}},{"start":{},"end":{}}]},"1":{"loc":{"start":{"line":5,"column":2},"end":{"line":7,"column":3}},"type":"if","locations":[{"start":{"line":5,"column":2},"end":{"line":7,"column":3}},{"start":{},"end":{}}]},"2":{"loc":{"start":{"line":8,"column":2},"end":{"line":10,"column":3}},"type":"if","locations":[{"start":{"line":8,"column":2},"end":{"line":10,"column":3}},{"start":{},"end":{}}]},"3":{"loc":{"start":{"line":11,"column":2},"end":{"line":13,"column":3}},"type":"if","locations":[{"start":{"line":11,"column":2},"end":{"line":13,"column":3}},{"start":{},"end":{}}]},"4":{"loc":{"start":{"line":14,"column":2},"end":{"line":16,"column":3}},"type":"if","locations":[{"start":{"line":14,"column":2},"end":{"line":16,"column":3}},{"start":{},"end":{}}]},"5":{"loc":{"start":{"line":14,"column":6},"end":{"line":14,"column":40}},"type":"binary-expr","locations":[{"start":{"line":14,"column":6},"end":{"line":14,"column":11}},{"start":{"line":14,"column":15},"end":{"line":14,"column":40}}]}},"s":{"0":2,"1":61,"2":7,"3":54,"4":7,"5":47,"6":5,"7":42,"8":7,"9":35,"10":17,"11":18},"f":{"0":61},"b":{"0":[7,54],"1":[7,47],"2":[5,42],"3":[7,35],"4":[17,18],"5":[35,26]}}
}
