TN:
SF:src/react/hooks/useReactiveRef.tsx
FN:11,useReactiveRef
FN:13,(anonymous_1)
FN:16,(anonymous_2)
FN:20,useReactiveSubRef
FN:25,(anonymous_4)
FN:31,(anonymous_5)
FN:33,(anonymous_6)
FN:34,(anonymous_7)
FN:41,(anonymous_8)
FNF:9
FNH:9
FNDA:70,useReactiveRef
FNDA:70,(anonymous_1)
FNDA:70,(anonymous_2)
FNDA:23,useReactiveSubRef
FNDA:23,(anonymous_4)
FNDA:23,(anonymous_5)
FNDA:47,(anonymous_6)
FNDA:24,(anonymous_7)
FNDA:23,(anonymous_8)
DA:1,2
DA:2,2
DA:3,2
DA:12,70
DA:13,70
DA:16,70
DA:17,70
DA:24,23
DA:25,23
DA:29,23
DA:31,23
DA:32,23
DA:33,47
DA:35,24
DA:41,23
DA:44,23
DA:45,1
DA:48,23
DA:51,2
LF:19
LH:19
BRDA:44,0,0,1
BRDA:44,0,1,22
BRF:2
BRH:2
end_of_record
TN:
SF:src/react/hooks/useReactiveState.tsx
FN:6,useReactiveState
FN:7,(anonymous_1)
FN:9,(anonymous_2)
FN:11,(anonymous_3)
FN:12,(anonymous_4)
FN:19,(anonymous_5)
FNF:6
FNH:6
FNDA:38,useReactiveState
FNDA:20,(anonymous_1)
FNDA:20,(anonymous_2)
FNDA:41,(anonymous_3)
FNDA:21,(anonymous_4)
FNDA:20,(anonymous_5)
DA:1,1
DA:2,1
DA:4,1
DA:7,38
DA:9,38
DA:10,20
DA:11,41
DA:13,21
DA:19,20
DA:22,38
DA:25,1
LF:11
LH:11
BRF:0
BRH:0
end_of_record
TN:
SF:src/react/utils/isPrimitive.ts
FN:1,isPrimitive
FNF:1
FNH:1
FNDA:44,isPrimitive
DA:2,44
DA:5,3
LF:2
LH:2
BRF:0
BRH:0
end_of_record
TN:
SF:src/react/utils/shallowCopy.ts
FN:1,shallowCopy
FNF:1
FNH:1
FNDA:61,shallowCopy
DA:1,2
DA:2,61
DA:3,7
DA:5,54
DA:6,7
DA:8,47
DA:9,5
DA:11,42
DA:12,7
DA:14,35
DA:15,17
DA:17,18
LF:12
LH:12
BRDA:2,0,0,7
BRDA:2,0,1,54
BRDA:5,1,0,7
BRDA:5,1,1,47
BRDA:8,2,0,5
BRDA:8,2,1,42
BRDA:11,3,0,7
BRDA:11,3,1,35
BRDA:14,4,0,17
BRDA:14,4,1,18
BRDA:14,5,0,35
BRDA:14,5,1,26
BRF:12
BRH:12
end_of_record
